#-----------------------------------------------------------
# Vivado v2020.2 (64-bit)
# SW Build 3064766 on Wed Nov 18 09:12:45 MST 2020
# IP Build 3064653 on Wed Nov 18 14:17:31 MST 2020
# Start of session at: Wed Jun  5 18:17:48 2024
# Process ID: 20496
# Current directory: C:/Users/atomi/GitHub/hw-viv/div_archive/div32p2check
# Command line: vivado.exe -gui_launcher_event rodinguilauncherevent13716 C:\Users\atomi\GitHub\hw-viv\div_archive\div32p2check\div32p2check.xpr
# Log file: C:/Users/atomi/GitHub/hw-viv/div_archive/div32p2check/vivado.log
# Journal file: C:/Users/atomi/GitHub/hw-viv/div_archive/div32p2check\vivado.jou
#-----------------------------------------------------------
start_gui
open_project C:/Users/atomi/GitHub/hw-viv/div_archive/div32p2check/div32p2check.xpr
INFO: [Project 1-313] Project file moved from 'D:/div_archive/div32p2check' since last save.
Scanning sources...
Finished scanning sources
INFO: [IP_Flow 19-234] Refreshing IP repositories
INFO: [IP_Flow 19-1704] No user IP repositories specified
INFO: [IP_Flow 19-2313] Loaded Vivado IP repository 'C:/Xilinx/Vivado/2020.2/data/ip'.
open_project: Time (s): cpu = 00:00:05 ; elapsed = 00:00:06 . Memory (MB): peak = 1014.656 ; gain = 0.000
update_compile_order -fileset sources_1
update_module_reference design_1_div32p2_0_0
INFO: [IP_Flow 19-5107] Inferred bus interface 'rstn' of definition 'xilinx.com:signal:reset:1.0' (from Xilinx Repository).
INFO: [IP_Flow 19-5107] Inferred bus interface 'clk' of definition 'xilinx.com:signal:clock:1.0' (from Xilinx Repository).
INFO: [IP_Flow 19-4728] Bus Interface 'rstn': Added interface parameter 'POLARITY' with value 'ACTIVE_LOW'.
INFO: [IP_Flow 19-4728] Bus Interface 'clk': Added interface parameter 'ASSOCIATED_RESET' with value 'rstn'.
WARNING: [IP_Flow 19-3157] Bus Interface 'rstn': Bus parameter POLARITY is ACTIVE_LOW but port 'rstn' is not *resetn - please double check the POLARITY setting.
WARNING: [IP_Flow 19-5661] Bus Interface 'clk' does not have any bus interfaces associated with it.
INFO: [IP_Flow 19-234] Refreshing IP repositories
INFO: [IP_Flow 19-1704] No user IP repositories specified
Reading block design file <C:/Users/atomi/GitHub/hw-viv/div_archive/div32p2check/div32p2check.srcs/sources_1/bd/design_1/design_1.bd>...
Adding component instance block -- xilinx.com:ip:c_shift_ram:12.0 - c_shift_ram_0
Adding component instance block -- xilinx.com:ip:c_shift_ram:12.0 - c_shift_ram_1
Adding component instance block -- xilinx.com:ip:c_shift_ram:12.0 - c_shift_ram_2
Adding component instance block -- xilinx.com:ip:c_shift_ram:12.0 - c_shift_ram_3
Adding component instance block -- xilinx.com:ip:util_reduced_logic:2.0 - util_reduced_logic_0
Adding component instance block -- xilinx.com:ip:util_reduced_logic:2.0 - util_reduced_logic_1
Adding component instance block -- xilinx.com:module_ref:div32p2:1.0 - div32p2_0
Adding component instance block -- xilinx.com:ip:clk_wiz:6.0 - clk_wiz_0
Successfully read diagram <design_1> from block design file <C:/Users/atomi/GitHub/hw-viv/div_archive/div32p2check/div32p2check.srcs/sources_1/bd/design_1/design_1.bd>
Upgrading 'C:/Users/atomi/GitHub/hw-viv/div_archive/div32p2check/div32p2check.srcs/sources_1/bd/design_1/design_1.bd'
INFO: [IP_Flow 19-1972] Upgraded design_1_div32p2_0_0 from div32p2_v1_0 1.0 to div32p2_v1_0 1.0
Wrote  : <C:\Users\atomi\GitHub\hw-viv\div_archive\div32p2check\div32p2check.srcs\sources_1\bd\design_1\design_1.bd> 
Wrote  : <C:/Users/atomi/GitHub/hw-viv/div_archive/div32p2check/div32p2check.srcs/sources_1/bd/design_1/ui/bd_1f5defd0.ui> 
upgrade_ip: Time (s): cpu = 00:00:07 ; elapsed = 00:00:08 . Memory (MB): peak = 1014.656 ; gain = 0.000
update_module_reference: Time (s): cpu = 00:00:07 ; elapsed = 00:00:08 . Memory (MB): peak = 1014.656 ; gain = 0.000
reset_run synth_1
launch_runs synth_1 -jobs 6
WARNING: [BD 41-1781] Updates have been made to one or more nets/interface connections marked for debug.
Debug nets, which are already connected to any ILA IP core in the block-design, will be automatically available for debug in Hardware Manager.
For unconnected Debug nets, please open synthesized design and use 'Set Up Debug' wizard to insert, modify or delete Debug Cores. 
INFO: [xilinx.com:ip:c_shift_ram:12.0-913] /c_shift_ram_3 Width has been set to manual on the GUI. It will not be updated during validation with a propagated value.
INFO: [xilinx.com:ip:clk_wiz:6.0-1] /clk_wiz_0 clk_wiz propagate
INFO: [xilinx.com:ip:c_shift_ram:12.0-913] /c_shift_ram_1 Width has been set to manual on the GUI. It will not be updated during validation with a propagated value.
INFO: [xilinx.com:ip:c_shift_ram:12.0-913] /c_shift_ram_0 Width has been set to manual on the GUI. It will not be updated during validation with a propagated value.
INFO: [xilinx.com:ip:c_shift_ram:12.0-913] /c_shift_ram_2 Width has been set to manual on the GUI. It will not be updated during validation with a propagated value.
Wrote  : <C:\Users\atomi\GitHub\hw-viv\div_archive\div32p2check\div32p2check.srcs\sources_1\bd\design_1\design_1.bd> 
VHDL Output written to : C:/Users/atomi/GitHub/hw-viv/div_archive/div32p2check/div32p2check.srcs/sources_1/bd/design_1/synth/design_1.v
VHDL Output written to : C:/Users/atomi/GitHub/hw-viv/div_archive/div32p2check/div32p2check.srcs/sources_1/bd/design_1/sim/design_1.v
VHDL Output written to : C:/Users/atomi/GitHub/hw-viv/div_archive/div32p2check/div32p2check.srcs/sources_1/bd/design_1/hdl/design_1_wrapper.v
INFO: [BD 41-1029] Generation completed for the IP Integrator block div32p2_0 .
Exporting to file C:/Users/atomi/GitHub/hw-viv/div_archive/div32p2check/div32p2check.srcs/sources_1/bd/design_1/hw_handoff/design_1.hwh
Generated Block Design Tcl file C:/Users/atomi/GitHub/hw-viv/div_archive/div32p2check/div32p2check.srcs/sources_1/bd/design_1/hw_handoff/design_1_bd.tcl
Generated Hardware Definition File C:/Users/atomi/GitHub/hw-viv/div_archive/div32p2check/div32p2check.srcs/sources_1/bd/design_1/synth/design_1.hwdef
[Wed Jun  5 18:19:08 2024] Launched design_1_div32p2_0_0_synth_1...
Run output will be captured here: C:/Users/atomi/GitHub/hw-viv/div_archive/div32p2check/div32p2check.runs/design_1_div32p2_0_0_synth_1/runme.log
[Wed Jun  5 18:19:08 2024] Launched synth_1...
Run output will be captured here: C:/Users/atomi/GitHub/hw-viv/div_archive/div32p2check/div32p2check.runs/synth_1/runme.log
launch_runs: Time (s): cpu = 00:00:02 ; elapsed = 00:00:06 . Memory (MB): peak = 1110.691 ; gain = 96.035
open_run synth_1 -name synth_1
Design is defaulting to impl run constrset: constrs_1
Design is defaulting to synth run part: xc7a35ticsg324-1L
INFO: [Device 21-403] Loading part xc7a35ticsg324-1L
INFO: [Project 1-454] Reading design checkpoint 'c:/Users/atomi/GitHub/hw-viv/div_archive/div32p2check/div32p2check.srcs/sources_1/bd/design_1/ip/design_1_c_shift_ram_0_0/design_1_c_shift_ram_0_0.dcp' for cell 'design_1_i/c_shift_ram_0'
INFO: [Project 1-454] Reading design checkpoint 'c:/Users/atomi/GitHub/hw-viv/div_archive/div32p2check/div32p2check.srcs/sources_1/bd/design_1/ip/design_1_c_shift_ram_0_1/design_1_c_shift_ram_0_1.dcp' for cell 'design_1_i/c_shift_ram_1'
INFO: [Project 1-454] Reading design checkpoint 'c:/Users/atomi/GitHub/hw-viv/div_archive/div32p2check/div32p2check.srcs/sources_1/bd/design_1/ip/design_1_c_shift_ram_0_2/design_1_c_shift_ram_0_2.dcp' for cell 'design_1_i/c_shift_ram_2'
INFO: [Project 1-454] Reading design checkpoint 'c:/Users/atomi/GitHub/hw-viv/div_archive/div32p2check/div32p2check.srcs/sources_1/bd/design_1/ip/design_1_c_shift_ram_0_3/design_1_c_shift_ram_0_3.dcp' for cell 'design_1_i/c_shift_ram_3'
INFO: [Project 1-454] Reading design checkpoint 'c:/Users/atomi/GitHub/hw-viv/div_archive/div32p2check/div32p2check.srcs/sources_1/bd/design_1/ip/design_1_clk_wiz_0_0/design_1_clk_wiz_0_0.dcp' for cell 'design_1_i/clk_wiz_0'
INFO: [Project 1-454] Reading design checkpoint 'c:/Users/atomi/GitHub/hw-viv/div_archive/div32p2check/div32p2check.srcs/sources_1/bd/design_1/ip/design_1_div32p2_0_0/design_1_div32p2_0_0.dcp' for cell 'design_1_i/div32p2_0'
INFO: [Project 1-454] Reading design checkpoint 'c:/Users/atomi/GitHub/hw-viv/div_archive/div32p2check/div32p2check.srcs/sources_1/bd/design_1/ip/design_1_util_reduced_logic_0_0/design_1_util_reduced_logic_0_0.dcp' for cell 'design_1_i/util_reduced_logic_0'
INFO: [Project 1-454] Reading design checkpoint 'c:/Users/atomi/GitHub/hw-viv/div_archive/div32p2check/div32p2check.srcs/sources_1/bd/design_1/ip/design_1_util_reduced_logic_0_1/design_1_util_reduced_logic_0_1.dcp' for cell 'design_1_i/util_reduced_logic_1'
Netlist sorting complete. Time (s): cpu = 00:00:00 ; elapsed = 00:00:00.030 . Memory (MB): peak = 1274.508 ; gain = 0.000
INFO: [Netlist 29-17] Analyzing 417 Unisim elements for replacement
INFO: [Netlist 29-28] Unisim Transformation completed in 0 CPU seconds
WARNING: [Netlist 29-43] Netlist 'design_1_wrapper' is not ideal for floorplanning, since the cellview 'design_1_div32p2_0_0_div32p2' defined in file 'design_1_div32p2_0_0.edf' contains large number of primitives.  Please consider enabling hierarchy in synthesis if you want to do floorplanning.
INFO: [Project 1-479] Netlist was created with Vivado 2020.2
INFO: [Project 1-570] Preparing netlist for logic optimization
Parsing XDC File [c:/Users/atomi/GitHub/hw-viv/div_archive/div32p2check/div32p2check.srcs/sources_1/bd/design_1/ip/design_1_clk_wiz_0_0/design_1_clk_wiz_0_0_board.xdc] for cell 'design_1_i/clk_wiz_0/inst'
Finished Parsing XDC File [c:/Users/atomi/GitHub/hw-viv/div_archive/div32p2check/div32p2check.srcs/sources_1/bd/design_1/ip/design_1_clk_wiz_0_0/design_1_clk_wiz_0_0_board.xdc] for cell 'design_1_i/clk_wiz_0/inst'
Parsing XDC File [c:/Users/atomi/GitHub/hw-viv/div_archive/div32p2check/div32p2check.srcs/sources_1/bd/design_1/ip/design_1_clk_wiz_0_0/design_1_clk_wiz_0_0.xdc] for cell 'design_1_i/clk_wiz_0/inst'
INFO: [Timing 38-35] Done setting XDC timing constraints. [c:/Users/atomi/GitHub/hw-viv/div_archive/div32p2check/div32p2check.srcs/sources_1/bd/design_1/ip/design_1_clk_wiz_0_0/design_1_clk_wiz_0_0.xdc:57]
INFO: [Timing 38-2] Deriving generated clocks [c:/Users/atomi/GitHub/hw-viv/div_archive/div32p2check/div32p2check.srcs/sources_1/bd/design_1/ip/design_1_clk_wiz_0_0/design_1_clk_wiz_0_0.xdc:57]
Finished Parsing XDC File [c:/Users/atomi/GitHub/hw-viv/div_archive/div32p2check/div32p2check.srcs/sources_1/bd/design_1/ip/design_1_clk_wiz_0_0/design_1_clk_wiz_0_0.xdc] for cell 'design_1_i/clk_wiz_0/inst'
Parsing XDC File [C:/Users/atomi/GitHub/hw-viv/div_archive/div32p2check/div32p2check.srcs/constrs_1/new/ioport.xdc]
Finished Parsing XDC File [C:/Users/atomi/GitHub/hw-viv/div_archive/div32p2check/div32p2check.srcs/constrs_1/new/ioport.xdc]
INFO: [Opt 31-138] Pushed 0 inverter(s) to 0 load pin(s).
Netlist sorting complete. Time (s): cpu = 00:00:00 ; elapsed = 00:00:00.001 . Memory (MB): peak = 1956.867 ; gain = 0.000
INFO: [Project 1-111] Unisim Transformation Summary:
No Unisim elements were transformed.

open_run: Time (s): cpu = 00:00:14 ; elapsed = 00:00:12 . Memory (MB): peak = 1995.531 ; gain = 877.512
report_timing_summary -delay_type min_max -report_unconstrained -check_timing_verbose -max_paths 10 -input_pins -routable_nets -name timing_1
INFO: [Timing 38-35] Done setting XDC timing constraints.
INFO: [Timing 38-91] UpdateTimingParams: Speed grade: -1L, Delay Type: min_max.
INFO: [Timing 38-191] Multithreading enabled for timing update using a maximum of 2 CPUs
WARNING: [Timing 38-273] Loop limit of 100 reached; Use -loop_limit switch to increase the number of loops reported
INFO: [Timing 38-273] Loop limit of 100 reached; Use -loop_limit switch to increase the number of loops reported
open_bd_design {C:/Users/atomi/GitHub/hw-viv/div_archive/div32p2check/div32p2check.srcs/sources_1/bd/design_1/design_1.bd}
update_module_reference design_1_div32p2_0_0
INFO: [IP_Flow 19-5107] Inferred bus interface 'rstn' of definition 'xilinx.com:signal:reset:1.0' (from Xilinx Repository).
INFO: [IP_Flow 19-5107] Inferred bus interface 'clk' of definition 'xilinx.com:signal:clock:1.0' (from Xilinx Repository).
INFO: [IP_Flow 19-4728] Bus Interface 'rstn': Added interface parameter 'POLARITY' with value 'ACTIVE_LOW'.
INFO: [IP_Flow 19-4728] Bus Interface 'clk': Added interface parameter 'ASSOCIATED_RESET' with value 'rstn'.
WARNING: [IP_Flow 19-3157] Bus Interface 'rstn': Bus parameter POLARITY is ACTIVE_LOW but port 'rstn' is not *resetn - please double check the POLARITY setting.
WARNING: [IP_Flow 19-5661] Bus Interface 'clk' does not have any bus interfaces associated with it.
INFO: [IP_Flow 19-234] Refreshing IP repositories
INFO: [IP_Flow 19-1704] No user IP repositories specified
Upgrading 'C:/Users/atomi/GitHub/hw-viv/div_archive/div32p2check/div32p2check.srcs/sources_1/bd/design_1/design_1.bd'
INFO: [IP_Flow 19-1972] Upgraded design_1_div32p2_0_0 from div32p2_v1_0 1.0 to div32p2_v1_0 1.0
Wrote  : <C:\Users\atomi\GitHub\hw-viv\div_archive\div32p2check\div32p2check.srcs\sources_1\bd\design_1\design_1.bd> 
reset_run synth_1
launch_runs synth_1 -jobs 6
WARNING: [BD 41-1781] Updates have been made to one or more nets/interface connections marked for debug.
Debug nets, which are already connected to any ILA IP core in the block-design, will be automatically available for debug in Hardware Manager.
For unconnected Debug nets, please open synthesized design and use 'Set Up Debug' wizard to insert, modify or delete Debug Cores. 
INFO: [xilinx.com:ip:c_shift_ram:12.0-913] /c_shift_ram_3 Width has been set to manual on the GUI. It will not be updated during validation with a propagated value.
INFO: [xilinx.com:ip:clk_wiz:6.0-1] /clk_wiz_0 clk_wiz propagate
INFO: [xilinx.com:ip:c_shift_ram:12.0-913] /c_shift_ram_1 Width has been set to manual on the GUI. It will not be updated during validation with a propagated value.
INFO: [xilinx.com:ip:c_shift_ram:12.0-913] /c_shift_ram_0 Width has been set to manual on the GUI. It will not be updated during validation with a propagated value.
INFO: [xilinx.com:ip:c_shift_ram:12.0-913] /c_shift_ram_2 Width has been set to manual on the GUI. It will not be updated during validation with a propagated value.
Wrote  : <C:\Users\atomi\GitHub\hw-viv\div_archive\div32p2check\div32p2check.srcs\sources_1\bd\design_1\design_1.bd> 
VHDL Output written to : C:/Users/atomi/GitHub/hw-viv/div_archive/div32p2check/div32p2check.srcs/sources_1/bd/design_1/synth/design_1.v
VHDL Output written to : C:/Users/atomi/GitHub/hw-viv/div_archive/div32p2check/div32p2check.srcs/sources_1/bd/design_1/sim/design_1.v
VHDL Output written to : C:/Users/atomi/GitHub/hw-viv/div_archive/div32p2check/div32p2check.srcs/sources_1/bd/design_1/hdl/design_1_wrapper.v
INFO: [BD 41-1029] Generation completed for the IP Integrator block div32p2_0 .
Exporting to file C:/Users/atomi/GitHub/hw-viv/div_archive/div32p2check/div32p2check.srcs/sources_1/bd/design_1/hw_handoff/design_1.hwh
Generated Block Design Tcl file C:/Users/atomi/GitHub/hw-viv/div_archive/div32p2check/div32p2check.srcs/sources_1/bd/design_1/hw_handoff/design_1_bd.tcl
Generated Hardware Definition File C:/Users/atomi/GitHub/hw-viv/div_archive/div32p2check/div32p2check.srcs/sources_1/bd/design_1/synth/design_1.hwdef
[Wed Jun  5 19:32:02 2024] Launched design_1_div32p2_0_0_synth_1...
Run output will be captured here: C:/Users/atomi/GitHub/hw-viv/div_archive/div32p2check/div32p2check.runs/design_1_div32p2_0_0_synth_1/runme.log
[Wed Jun  5 19:32:02 2024] Launched synth_1...
Run output will be captured here: C:/Users/atomi/GitHub/hw-viv/div_archive/div32p2check/div32p2check.runs/synth_1/runme.log
launch_runs: Time (s): cpu = 00:00:00 ; elapsed = 00:00:06 . Memory (MB): peak = 2154.227 ; gain = 0.000
create_ip_run [get_files -of_objects [get_fileset sources_1] C:/Users/atomi/GitHub/hw-viv/div_archive/div32p2check/div32p2check.srcs/sources_1/bd/design_1/design_1.bd]
refresh_design
INFO: [Project 1-454] Reading design checkpoint 'c:/Users/atomi/GitHub/hw-viv/div_archive/div32p2check/div32p2check.srcs/sources_1/bd/design_1/ip/design_1_c_shift_ram_0_0/design_1_c_shift_ram_0_0.dcp' for cell 'design_1_i/c_shift_ram_0'
INFO: [Project 1-454] Reading design checkpoint 'c:/Users/atomi/GitHub/hw-viv/div_archive/div32p2check/div32p2check.srcs/sources_1/bd/design_1/ip/design_1_c_shift_ram_0_1/design_1_c_shift_ram_0_1.dcp' for cell 'design_1_i/c_shift_ram_1'
INFO: [Project 1-454] Reading design checkpoint 'c:/Users/atomi/GitHub/hw-viv/div_archive/div32p2check/div32p2check.srcs/sources_1/bd/design_1/ip/design_1_c_shift_ram_0_2/design_1_c_shift_ram_0_2.dcp' for cell 'design_1_i/c_shift_ram_2'
INFO: [Project 1-454] Reading design checkpoint 'c:/Users/atomi/GitHub/hw-viv/div_archive/div32p2check/div32p2check.srcs/sources_1/bd/design_1/ip/design_1_c_shift_ram_0_3/design_1_c_shift_ram_0_3.dcp' for cell 'design_1_i/c_shift_ram_3'
INFO: [Project 1-454] Reading design checkpoint 'c:/Users/atomi/GitHub/hw-viv/div_archive/div32p2check/div32p2check.srcs/sources_1/bd/design_1/ip/design_1_clk_wiz_0_0/design_1_clk_wiz_0_0.dcp' for cell 'design_1_i/clk_wiz_0'
INFO: [Project 1-454] Reading design checkpoint 'c:/Users/atomi/GitHub/hw-viv/div_archive/div32p2check/div32p2check.srcs/sources_1/bd/design_1/ip/design_1_div32p2_0_0/design_1_div32p2_0_0.dcp' for cell 'design_1_i/div32p2_0'
INFO: [Project 1-454] Reading design checkpoint 'c:/Users/atomi/GitHub/hw-viv/div_archive/div32p2check/div32p2check.srcs/sources_1/bd/design_1/ip/design_1_util_reduced_logic_0_0/design_1_util_reduced_logic_0_0.dcp' for cell 'design_1_i/util_reduced_logic_0'
INFO: [Project 1-454] Reading design checkpoint 'c:/Users/atomi/GitHub/hw-viv/div_archive/div32p2check/div32p2check.srcs/sources_1/bd/design_1/ip/design_1_util_reduced_logic_0_1/design_1_util_reduced_logic_0_1.dcp' for cell 'design_1_i/util_reduced_logic_1'
Netlist sorting complete. Time (s): cpu = 00:00:00 ; elapsed = 00:00:00.053 . Memory (MB): peak = 2169.828 ; gain = 0.000
INFO: [Netlist 29-17] Analyzing 417 Unisim elements for replacement
INFO: [Netlist 29-28] Unisim Transformation completed in 0 CPU seconds
INFO: [Project 1-479] Netlist was created with Vivado 2020.2
INFO: [Project 1-570] Preparing netlist for logic optimization
Parsing XDC File [c:/Users/atomi/GitHub/hw-viv/div_archive/div32p2check/div32p2check.srcs/sources_1/bd/design_1/ip/design_1_clk_wiz_0_0/design_1_clk_wiz_0_0_board.xdc] for cell 'design_1_i/clk_wiz_0/inst'
Finished Parsing XDC File [c:/Users/atomi/GitHub/hw-viv/div_archive/div32p2check/div32p2check.srcs/sources_1/bd/design_1/ip/design_1_clk_wiz_0_0/design_1_clk_wiz_0_0_board.xdc] for cell 'design_1_i/clk_wiz_0/inst'
Parsing XDC File [c:/Users/atomi/GitHub/hw-viv/div_archive/div32p2check/div32p2check.srcs/sources_1/bd/design_1/ip/design_1_clk_wiz_0_0/design_1_clk_wiz_0_0.xdc] for cell 'design_1_i/clk_wiz_0/inst'
INFO: [Timing 38-35] Done setting XDC timing constraints. [c:/Users/atomi/GitHub/hw-viv/div_archive/div32p2check/div32p2check.srcs/sources_1/bd/design_1/ip/design_1_clk_wiz_0_0/design_1_clk_wiz_0_0.xdc:57]
INFO: [Timing 38-2] Deriving generated clocks [c:/Users/atomi/GitHub/hw-viv/div_archive/div32p2check/div32p2check.srcs/sources_1/bd/design_1/ip/design_1_clk_wiz_0_0/design_1_clk_wiz_0_0.xdc:57]
Finished Parsing XDC File [c:/Users/atomi/GitHub/hw-viv/div_archive/div32p2check/div32p2check.srcs/sources_1/bd/design_1/ip/design_1_clk_wiz_0_0/design_1_clk_wiz_0_0.xdc] for cell 'design_1_i/clk_wiz_0/inst'
Parsing XDC File [C:/Users/atomi/GitHub/hw-viv/div_archive/div32p2check/div32p2check.srcs/constrs_1/new/ioport.xdc]
Finished Parsing XDC File [C:/Users/atomi/GitHub/hw-viv/div_archive/div32p2check/div32p2check.srcs/constrs_1/new/ioport.xdc]
INFO: [Opt 31-138] Pushed 0 inverter(s) to 0 load pin(s).
refresh_design: Time (s): cpu = 00:00:09 ; elapsed = 00:00:09 . Memory (MB): peak = 2169.828 ; gain = 15.602
report_timing_summary -delay_type min_max -report_unconstrained -check_timing_verbose -max_paths 10 -input_pins -routable_nets -name timing_1
INFO: [Timing 38-35] Done setting XDC timing constraints.
INFO: [Timing 38-91] UpdateTimingParams: Speed grade: -1L, Delay Type: min_max.
INFO: [Timing 38-191] Multithreading enabled for timing update using a maximum of 2 CPUs
WARNING: [Timing 38-273] Loop limit of 100 reached; Use -loop_limit switch to increase the number of loops reported
INFO: [Timing 38-273] Loop limit of 100 reached; Use -loop_limit switch to increase the number of loops reported
reset_run synth_1
update_module_reference design_1_div32p2_0_0
INFO: [IP_Flow 19-5107] Inferred bus interface 'rstn' of definition 'xilinx.com:signal:reset:1.0' (from Xilinx Repository).
INFO: [IP_Flow 19-5107] Inferred bus interface 'clk' of definition 'xilinx.com:signal:clock:1.0' (from Xilinx Repository).
INFO: [IP_Flow 19-4728] Bus Interface 'rstn': Added interface parameter 'POLARITY' with value 'ACTIVE_LOW'.
INFO: [IP_Flow 19-4728] Bus Interface 'clk': Added interface parameter 'ASSOCIATED_RESET' with value 'rstn'.
WARNING: [IP_Flow 19-3157] Bus Interface 'rstn': Bus parameter POLARITY is ACTIVE_LOW but port 'rstn' is not *resetn - please double check the POLARITY setting.
WARNING: [IP_Flow 19-5661] Bus Interface 'clk' does not have any bus interfaces associated with it.
INFO: [IP_Flow 19-234] Refreshing IP repositories
INFO: [IP_Flow 19-1704] No user IP repositories specified
Upgrading 'C:/Users/atomi/GitHub/hw-viv/div_archive/div32p2check/div32p2check.srcs/sources_1/bd/design_1/design_1.bd'
INFO: [IP_Flow 19-1972] Upgraded design_1_div32p2_0_0 from div32p2_v1_0 1.0 to div32p2_v1_0 1.0
Wrote  : <C:\Users\atomi\GitHub\hw-viv\div_archive\div32p2check\div32p2check.srcs\sources_1\bd\design_1\design_1.bd> 
Wrote  : <C:/Users/atomi/GitHub/hw-viv/div_archive/div32p2check/div32p2check.srcs/sources_1/bd/design_1/ui/bd_1f5defd0.ui> 
launch_runs synth_1 -jobs 6
WARNING: [BD 41-1781] Updates have been made to one or more nets/interface connections marked for debug.
Debug nets, which are already connected to any ILA IP core in the block-design, will be automatically available for debug in Hardware Manager.
For unconnected Debug nets, please open synthesized design and use 'Set Up Debug' wizard to insert, modify or delete Debug Cores. 
INFO: [xilinx.com:ip:c_shift_ram:12.0-913] /c_shift_ram_3 Width has been set to manual on the GUI. It will not be updated during validation with a propagated value.
INFO: [xilinx.com:ip:clk_wiz:6.0-1] /clk_wiz_0 clk_wiz propagate
INFO: [xilinx.com:ip:c_shift_ram:12.0-913] /c_shift_ram_1 Width has been set to manual on the GUI. It will not be updated during validation with a propagated value.
INFO: [xilinx.com:ip:c_shift_ram:12.0-913] /c_shift_ram_0 Width has been set to manual on the GUI. It will not be updated during validation with a propagated value.
INFO: [xilinx.com:ip:c_shift_ram:12.0-913] /c_shift_ram_2 Width has been set to manual on the GUI. It will not be updated during validation with a propagated value.
Wrote  : <C:\Users\atomi\GitHub\hw-viv\div_archive\div32p2check\div32p2check.srcs\sources_1\bd\design_1\design_1.bd> 
VHDL Output written to : C:/Users/atomi/GitHub/hw-viv/div_archive/div32p2check/div32p2check.srcs/sources_1/bd/design_1/synth/design_1.v
VHDL Output written to : C:/Users/atomi/GitHub/hw-viv/div_archive/div32p2check/div32p2check.srcs/sources_1/bd/design_1/sim/design_1.v
VHDL Output written to : C:/Users/atomi/GitHub/hw-viv/div_archive/div32p2check/div32p2check.srcs/sources_1/bd/design_1/hdl/design_1_wrapper.v
INFO: [BD 41-1029] Generation completed for the IP Integrator block div32p2_0 .
Exporting to file C:/Users/atomi/GitHub/hw-viv/div_archive/div32p2check/div32p2check.srcs/sources_1/bd/design_1/hw_handoff/design_1.hwh
Generated Block Design Tcl file C:/Users/atomi/GitHub/hw-viv/div_archive/div32p2check/div32p2check.srcs/sources_1/bd/design_1/hw_handoff/design_1_bd.tcl
Generated Hardware Definition File C:/Users/atomi/GitHub/hw-viv/div_archive/div32p2check/div32p2check.srcs/sources_1/bd/design_1/synth/design_1.hwdef
[Wed Jun  5 19:38:48 2024] Launched design_1_div32p2_0_0_synth_1...
Run output will be captured here: C:/Users/atomi/GitHub/hw-viv/div_archive/div32p2check/div32p2check.runs/design_1_div32p2_0_0_synth_1/runme.log
[Wed Jun  5 19:38:48 2024] Launched synth_1...
Run output will be captured here: C:/Users/atomi/GitHub/hw-viv/div_archive/div32p2check/div32p2check.runs/synth_1/runme.log
launch_runs: Time (s): cpu = 00:00:01 ; elapsed = 00:00:07 . Memory (MB): peak = 2179.773 ; gain = 0.000
create_ip_run [get_files -of_objects [get_fileset sources_1] C:/Users/atomi/GitHub/hw-viv/div_archive/div32p2check/div32p2check.srcs/sources_1/bd/design_1/design_1.bd]
refresh_design
INFO: [Project 1-454] Reading design checkpoint 'c:/Users/atomi/GitHub/hw-viv/div_archive/div32p2check/div32p2check.srcs/sources_1/bd/design_1/ip/design_1_c_shift_ram_0_0/design_1_c_shift_ram_0_0.dcp' for cell 'design_1_i/c_shift_ram_0'
INFO: [Project 1-454] Reading design checkpoint 'c:/Users/atomi/GitHub/hw-viv/div_archive/div32p2check/div32p2check.srcs/sources_1/bd/design_1/ip/design_1_c_shift_ram_0_1/design_1_c_shift_ram_0_1.dcp' for cell 'design_1_i/c_shift_ram_1'
INFO: [Project 1-454] Reading design checkpoint 'c:/Users/atomi/GitHub/hw-viv/div_archive/div32p2check/div32p2check.srcs/sources_1/bd/design_1/ip/design_1_c_shift_ram_0_2/design_1_c_shift_ram_0_2.dcp' for cell 'design_1_i/c_shift_ram_2'
INFO: [Project 1-454] Reading design checkpoint 'c:/Users/atomi/GitHub/hw-viv/div_archive/div32p2check/div32p2check.srcs/sources_1/bd/design_1/ip/design_1_c_shift_ram_0_3/design_1_c_shift_ram_0_3.dcp' for cell 'design_1_i/c_shift_ram_3'
INFO: [Project 1-454] Reading design checkpoint 'c:/Users/atomi/GitHub/hw-viv/div_archive/div32p2check/div32p2check.srcs/sources_1/bd/design_1/ip/design_1_clk_wiz_0_0/design_1_clk_wiz_0_0.dcp' for cell 'design_1_i/clk_wiz_0'
INFO: [Project 1-454] Reading design checkpoint 'c:/Users/atomi/GitHub/hw-viv/div_archive/div32p2check/div32p2check.srcs/sources_1/bd/design_1/ip/design_1_div32p2_0_0/design_1_div32p2_0_0.dcp' for cell 'design_1_i/div32p2_0'
INFO: [Project 1-454] Reading design checkpoint 'c:/Users/atomi/GitHub/hw-viv/div_archive/div32p2check/div32p2check.srcs/sources_1/bd/design_1/ip/design_1_util_reduced_logic_0_0/design_1_util_reduced_logic_0_0.dcp' for cell 'design_1_i/util_reduced_logic_0'
INFO: [Project 1-454] Reading design checkpoint 'c:/Users/atomi/GitHub/hw-viv/div_archive/div32p2check/div32p2check.srcs/sources_1/bd/design_1/ip/design_1_util_reduced_logic_0_1/design_1_util_reduced_logic_0_1.dcp' for cell 'design_1_i/util_reduced_logic_1'
Netlist sorting complete. Time (s): cpu = 00:00:00 ; elapsed = 00:00:00.052 . Memory (MB): peak = 2197.609 ; gain = 0.000
INFO: [Netlist 29-17] Analyzing 417 Unisim elements for replacement
INFO: [Netlist 29-28] Unisim Transformation completed in 0 CPU seconds
INFO: [Project 1-479] Netlist was created with Vivado 2020.2
INFO: [Project 1-570] Preparing netlist for logic optimization
Parsing XDC File [c:/Users/atomi/GitHub/hw-viv/div_archive/div32p2check/div32p2check.srcs/sources_1/bd/design_1/ip/design_1_clk_wiz_0_0/design_1_clk_wiz_0_0_board.xdc] for cell 'design_1_i/clk_wiz_0/inst'
Finished Parsing XDC File [c:/Users/atomi/GitHub/hw-viv/div_archive/div32p2check/div32p2check.srcs/sources_1/bd/design_1/ip/design_1_clk_wiz_0_0/design_1_clk_wiz_0_0_board.xdc] for cell 'design_1_i/clk_wiz_0/inst'
Parsing XDC File [c:/Users/atomi/GitHub/hw-viv/div_archive/div32p2check/div32p2check.srcs/sources_1/bd/design_1/ip/design_1_clk_wiz_0_0/design_1_clk_wiz_0_0.xdc] for cell 'design_1_i/clk_wiz_0/inst'
INFO: [Timing 38-35] Done setting XDC timing constraints. [c:/Users/atomi/GitHub/hw-viv/div_archive/div32p2check/div32p2check.srcs/sources_1/bd/design_1/ip/design_1_clk_wiz_0_0/design_1_clk_wiz_0_0.xdc:57]
INFO: [Timing 38-2] Deriving generated clocks [c:/Users/atomi/GitHub/hw-viv/div_archive/div32p2check/div32p2check.srcs/sources_1/bd/design_1/ip/design_1_clk_wiz_0_0/design_1_clk_wiz_0_0.xdc:57]
Finished Parsing XDC File [c:/Users/atomi/GitHub/hw-viv/div_archive/div32p2check/div32p2check.srcs/sources_1/bd/design_1/ip/design_1_clk_wiz_0_0/design_1_clk_wiz_0_0.xdc] for cell 'design_1_i/clk_wiz_0/inst'
Parsing XDC File [C:/Users/atomi/GitHub/hw-viv/div_archive/div32p2check/div32p2check.srcs/constrs_1/new/ioport.xdc]
Finished Parsing XDC File [C:/Users/atomi/GitHub/hw-viv/div_archive/div32p2check/div32p2check.srcs/constrs_1/new/ioport.xdc]
INFO: [Opt 31-138] Pushed 0 inverter(s) to 0 load pin(s).
refresh_design: Time (s): cpu = 00:00:10 ; elapsed = 00:00:09 . Memory (MB): peak = 2197.609 ; gain = 17.207
report_timing_summary -delay_type min_max -report_unconstrained -check_timing_verbose -max_paths 10 -input_pins -routable_nets -name timing_1
INFO: [Timing 38-35] Done setting XDC timing constraints.
INFO: [Timing 38-91] UpdateTimingParams: Speed grade: -1L, Delay Type: min_max.
INFO: [Timing 38-191] Multithreading enabled for timing update using a maximum of 2 CPUs
WARNING: [Timing 38-273] Loop limit of 100 reached; Use -loop_limit switch to increase the number of loops reported
INFO: [Timing 38-273] Loop limit of 100 reached; Use -loop_limit switch to increase the number of loops reported
reset_run synth_1
update_module_reference design_1_div32p2_0_0
INFO: [IP_Flow 19-5107] Inferred bus interface 'rstn' of definition 'xilinx.com:signal:reset:1.0' (from Xilinx Repository).
INFO: [IP_Flow 19-5107] Inferred bus interface 'clk' of definition 'xilinx.com:signal:clock:1.0' (from Xilinx Repository).
INFO: [IP_Flow 19-4728] Bus Interface 'rstn': Added interface parameter 'POLARITY' with value 'ACTIVE_LOW'.
INFO: [IP_Flow 19-4728] Bus Interface 'clk': Added interface parameter 'ASSOCIATED_RESET' with value 'rstn'.
WARNING: [IP_Flow 19-3157] Bus Interface 'rstn': Bus parameter POLARITY is ACTIVE_LOW but port 'rstn' is not *resetn - please double check the POLARITY setting.
WARNING: [IP_Flow 19-5661] Bus Interface 'clk' does not have any bus interfaces associated with it.
INFO: [IP_Flow 19-234] Refreshing IP repositories
INFO: [IP_Flow 19-1704] No user IP repositories specified
Upgrading 'C:/Users/atomi/GitHub/hw-viv/div_archive/div32p2check/div32p2check.srcs/sources_1/bd/design_1/design_1.bd'
INFO: [IP_Flow 19-1972] Upgraded design_1_div32p2_0_0 from div32p2_v1_0 1.0 to div32p2_v1_0 1.0
Wrote  : <C:\Users\atomi\GitHub\hw-viv\div_archive\div32p2check\div32p2check.srcs\sources_1\bd\design_1\design_1.bd> 
launch_runs synth_1 -jobs 6
WARNING: [BD 41-1781] Updates have been made to one or more nets/interface connections marked for debug.
Debug nets, which are already connected to any ILA IP core in the block-design, will be automatically available for debug in Hardware Manager.
For unconnected Debug nets, please open synthesized design and use 'Set Up Debug' wizard to insert, modify or delete Debug Cores. 
INFO: [xilinx.com:ip:c_shift_ram:12.0-913] /c_shift_ram_3 Width has been set to manual on the GUI. It will not be updated during validation with a propagated value.
INFO: [xilinx.com:ip:clk_wiz:6.0-1] /clk_wiz_0 clk_wiz propagate
INFO: [xilinx.com:ip:c_shift_ram:12.0-913] /c_shift_ram_1 Width has been set to manual on the GUI. It will not be updated during validation with a propagated value.
INFO: [xilinx.com:ip:c_shift_ram:12.0-913] /c_shift_ram_0 Width has been set to manual on the GUI. It will not be updated during validation with a propagated value.
INFO: [xilinx.com:ip:c_shift_ram:12.0-913] /c_shift_ram_2 Width has been set to manual on the GUI. It will not be updated during validation with a propagated value.
Wrote  : <C:\Users\atomi\GitHub\hw-viv\div_archive\div32p2check\div32p2check.srcs\sources_1\bd\design_1\design_1.bd> 
VHDL Output written to : C:/Users/atomi/GitHub/hw-viv/div_archive/div32p2check/div32p2check.srcs/sources_1/bd/design_1/synth/design_1.v
VHDL Output written to : C:/Users/atomi/GitHub/hw-viv/div_archive/div32p2check/div32p2check.srcs/sources_1/bd/design_1/sim/design_1.v
VHDL Output written to : C:/Users/atomi/GitHub/hw-viv/div_archive/div32p2check/div32p2check.srcs/sources_1/bd/design_1/hdl/design_1_wrapper.v
INFO: [BD 41-1029] Generation completed for the IP Integrator block div32p2_0 .
Exporting to file C:/Users/atomi/GitHub/hw-viv/div_archive/div32p2check/div32p2check.srcs/sources_1/bd/design_1/hw_handoff/design_1.hwh
Generated Block Design Tcl file C:/Users/atomi/GitHub/hw-viv/div_archive/div32p2check/div32p2check.srcs/sources_1/bd/design_1/hw_handoff/design_1_bd.tcl
Generated Hardware Definition File C:/Users/atomi/GitHub/hw-viv/div_archive/div32p2check/div32p2check.srcs/sources_1/bd/design_1/synth/design_1.hwdef
[Wed Jun  5 19:43:02 2024] Launched design_1_div32p2_0_0_synth_1...
Run output will be captured here: C:/Users/atomi/GitHub/hw-viv/div_archive/div32p2check/div32p2check.runs/design_1_div32p2_0_0_synth_1/runme.log
[Wed Jun  5 19:43:02 2024] Launched synth_1...
Run output will be captured here: C:/Users/atomi/GitHub/hw-viv/div_archive/div32p2check/div32p2check.runs/synth_1/runme.log
launch_runs: Time (s): cpu = 00:00:01 ; elapsed = 00:00:08 . Memory (MB): peak = 2385.727 ; gain = 0.000
close_design
open_run synth_1 -name synth_1
Design is defaulting to impl run constrset: constrs_1
Design is defaulting to synth run part: xc7a35ticsg324-1L
INFO: [Project 1-454] Reading design checkpoint 'c:/Users/atomi/GitHub/hw-viv/div_archive/div32p2check/div32p2check.srcs/sources_1/bd/design_1/ip/design_1_c_shift_ram_0_0/design_1_c_shift_ram_0_0.dcp' for cell 'design_1_i/c_shift_ram_0'
INFO: [Project 1-454] Reading design checkpoint 'c:/Users/atomi/GitHub/hw-viv/div_archive/div32p2check/div32p2check.srcs/sources_1/bd/design_1/ip/design_1_c_shift_ram_0_1/design_1_c_shift_ram_0_1.dcp' for cell 'design_1_i/c_shift_ram_1'
INFO: [Project 1-454] Reading design checkpoint 'c:/Users/atomi/GitHub/hw-viv/div_archive/div32p2check/div32p2check.srcs/sources_1/bd/design_1/ip/design_1_c_shift_ram_0_2/design_1_c_shift_ram_0_2.dcp' for cell 'design_1_i/c_shift_ram_2'
INFO: [Project 1-454] Reading design checkpoint 'c:/Users/atomi/GitHub/hw-viv/div_archive/div32p2check/div32p2check.srcs/sources_1/bd/design_1/ip/design_1_c_shift_ram_0_3/design_1_c_shift_ram_0_3.dcp' for cell 'design_1_i/c_shift_ram_3'
INFO: [Project 1-454] Reading design checkpoint 'c:/Users/atomi/GitHub/hw-viv/div_archive/div32p2check/div32p2check.srcs/sources_1/bd/design_1/ip/design_1_clk_wiz_0_0/design_1_clk_wiz_0_0.dcp' for cell 'design_1_i/clk_wiz_0'
INFO: [Project 1-454] Reading design checkpoint 'c:/Users/atomi/GitHub/hw-viv/div_archive/div32p2check/div32p2check.srcs/sources_1/bd/design_1/ip/design_1_div32p2_0_0/design_1_div32p2_0_0.dcp' for cell 'design_1_i/div32p2_0'
INFO: [Project 1-454] Reading design checkpoint 'c:/Users/atomi/GitHub/hw-viv/div_archive/div32p2check/div32p2check.srcs/sources_1/bd/design_1/ip/design_1_util_reduced_logic_0_0/design_1_util_reduced_logic_0_0.dcp' for cell 'design_1_i/util_reduced_logic_0'
INFO: [Project 1-454] Reading design checkpoint 'c:/Users/atomi/GitHub/hw-viv/div_archive/div32p2check/div32p2check.srcs/sources_1/bd/design_1/ip/design_1_util_reduced_logic_0_1/design_1_util_reduced_logic_0_1.dcp' for cell 'design_1_i/util_reduced_logic_1'
Netlist sorting complete. Time (s): cpu = 00:00:00 ; elapsed = 00:00:00.044 . Memory (MB): peak = 2396.711 ; gain = 0.000
INFO: [Netlist 29-17] Analyzing 417 Unisim elements for replacement
INFO: [Netlist 29-28] Unisim Transformation completed in 0 CPU seconds
WARNING: [Netlist 29-43] Netlist 'design_1_wrapper' is not ideal for floorplanning, since the cellview 'design_1_div32p2_0_0_div32p2' defined in file 'design_1_div32p2_0_0.edf' contains large number of primitives.  Please consider enabling hierarchy in synthesis if you want to do floorplanning.
INFO: [Project 1-479] Netlist was created with Vivado 2020.2
INFO: [Project 1-570] Preparing netlist for logic optimization
Parsing XDC File [c:/Users/atomi/GitHub/hw-viv/div_archive/div32p2check/div32p2check.srcs/sources_1/bd/design_1/ip/design_1_clk_wiz_0_0/design_1_clk_wiz_0_0_board.xdc] for cell 'design_1_i/clk_wiz_0/inst'
Finished Parsing XDC File [c:/Users/atomi/GitHub/hw-viv/div_archive/div32p2check/div32p2check.srcs/sources_1/bd/design_1/ip/design_1_clk_wiz_0_0/design_1_clk_wiz_0_0_board.xdc] for cell 'design_1_i/clk_wiz_0/inst'
Parsing XDC File [c:/Users/atomi/GitHub/hw-viv/div_archive/div32p2check/div32p2check.srcs/sources_1/bd/design_1/ip/design_1_clk_wiz_0_0/design_1_clk_wiz_0_0.xdc] for cell 'design_1_i/clk_wiz_0/inst'
INFO: [Timing 38-35] Done setting XDC timing constraints. [c:/Users/atomi/GitHub/hw-viv/div_archive/div32p2check/div32p2check.srcs/sources_1/bd/design_1/ip/design_1_clk_wiz_0_0/design_1_clk_wiz_0_0.xdc:57]
INFO: [Timing 38-2] Deriving generated clocks [c:/Users/atomi/GitHub/hw-viv/div_archive/div32p2check/div32p2check.srcs/sources_1/bd/design_1/ip/design_1_clk_wiz_0_0/design_1_clk_wiz_0_0.xdc:57]
Finished Parsing XDC File [c:/Users/atomi/GitHub/hw-viv/div_archive/div32p2check/div32p2check.srcs/sources_1/bd/design_1/ip/design_1_clk_wiz_0_0/design_1_clk_wiz_0_0.xdc] for cell 'design_1_i/clk_wiz_0/inst'
Parsing XDC File [C:/Users/atomi/GitHub/hw-viv/div_archive/div32p2check/div32p2check.srcs/constrs_1/new/ioport.xdc]
Finished Parsing XDC File [C:/Users/atomi/GitHub/hw-viv/div_archive/div32p2check/div32p2check.srcs/constrs_1/new/ioport.xdc]
INFO: [Opt 31-138] Pushed 0 inverter(s) to 0 load pin(s).
Netlist sorting complete. Time (s): cpu = 00:00:00 ; elapsed = 00:00:00.002 . Memory (MB): peak = 2396.711 ; gain = 0.000
INFO: [Project 1-111] Unisim Transformation Summary:
No Unisim elements were transformed.

open_run: Time (s): cpu = 00:00:05 ; elapsed = 00:00:06 . Memory (MB): peak = 2396.711 ; gain = 0.000
report_timing_summary -delay_type min_max -report_unconstrained -check_timing_verbose -max_paths 10 -input_pins -routable_nets -name timing_1
INFO: [Timing 38-35] Done setting XDC timing constraints.
INFO: [Timing 38-91] UpdateTimingParams: Speed grade: -1L, Delay Type: min_max.
INFO: [Timing 38-191] Multithreading enabled for timing update using a maximum of 2 CPUs
reset_run synth_1
update_module_reference design_1_div32p2_0_0
INFO: [IP_Flow 19-5107] Inferred bus interface 'rstn' of definition 'xilinx.com:signal:reset:1.0' (from Xilinx Repository).
INFO: [IP_Flow 19-5107] Inferred bus interface 'clk' of definition 'xilinx.com:signal:clock:1.0' (from Xilinx Repository).
INFO: [IP_Flow 19-4728] Bus Interface 'rstn': Added interface parameter 'POLARITY' with value 'ACTIVE_LOW'.
INFO: [IP_Flow 19-4728] Bus Interface 'clk': Added interface parameter 'ASSOCIATED_RESET' with value 'rstn'.
WARNING: [IP_Flow 19-3157] Bus Interface 'rstn': Bus parameter POLARITY is ACTIVE_LOW but port 'rstn' is not *resetn - please double check the POLARITY setting.
WARNING: [IP_Flow 19-5661] Bus Interface 'clk' does not have any bus interfaces associated with it.
INFO: [IP_Flow 19-234] Refreshing IP repositories
INFO: [IP_Flow 19-1704] No user IP repositories specified
Upgrading 'C:/Users/atomi/GitHub/hw-viv/div_archive/div32p2check/div32p2check.srcs/sources_1/bd/design_1/design_1.bd'
INFO: [IP_Flow 19-1972] Upgraded design_1_div32p2_0_0 from div32p2_v1_0 1.0 to div32p2_v1_0 1.0
Wrote  : <C:\Users\atomi\GitHub\hw-viv\div_archive\div32p2check\div32p2check.srcs\sources_1\bd\design_1\design_1.bd> 
launch_runs synth_1 -jobs 6
WARNING: [BD 41-1781] Updates have been made to one or more nets/interface connections marked for debug.
Debug nets, which are already connected to any ILA IP core in the block-design, will be automatically available for debug in Hardware Manager.
For unconnected Debug nets, please open synthesized design and use 'Set Up Debug' wizard to insert, modify or delete Debug Cores. 
INFO: [xilinx.com:ip:c_shift_ram:12.0-913] /c_shift_ram_3 Width has been set to manual on the GUI. It will not be updated during validation with a propagated value.
INFO: [xilinx.com:ip:clk_wiz:6.0-1] /clk_wiz_0 clk_wiz propagate
INFO: [xilinx.com:ip:c_shift_ram:12.0-913] /c_shift_ram_1 Width has been set to manual on the GUI. It will not be updated during validation with a propagated value.
INFO: [xilinx.com:ip:c_shift_ram:12.0-913] /c_shift_ram_0 Width has been set to manual on the GUI. It will not be updated during validation with a propagated value.
INFO: [xilinx.com:ip:c_shift_ram:12.0-913] /c_shift_ram_2 Width has been set to manual on the GUI. It will not be updated during validation with a propagated value.
Wrote  : <C:\Users\atomi\GitHub\hw-viv\div_archive\div32p2check\div32p2check.srcs\sources_1\bd\design_1\design_1.bd> 
VHDL Output written to : C:/Users/atomi/GitHub/hw-viv/div_archive/div32p2check/div32p2check.srcs/sources_1/bd/design_1/synth/design_1.v
VHDL Output written to : C:/Users/atomi/GitHub/hw-viv/div_archive/div32p2check/div32p2check.srcs/sources_1/bd/design_1/sim/design_1.v
VHDL Output written to : C:/Users/atomi/GitHub/hw-viv/div_archive/div32p2check/div32p2check.srcs/sources_1/bd/design_1/hdl/design_1_wrapper.v
INFO: [BD 41-1029] Generation completed for the IP Integrator block div32p2_0 .
Exporting to file C:/Users/atomi/GitHub/hw-viv/div_archive/div32p2check/div32p2check.srcs/sources_1/bd/design_1/hw_handoff/design_1.hwh
Generated Block Design Tcl file C:/Users/atomi/GitHub/hw-viv/div_archive/div32p2check/div32p2check.srcs/sources_1/bd/design_1/hw_handoff/design_1_bd.tcl
Generated Hardware Definition File C:/Users/atomi/GitHub/hw-viv/div_archive/div32p2check/div32p2check.srcs/sources_1/bd/design_1/synth/design_1.hwdef
[Wed Jun  5 19:49:46 2024] Launched design_1_div32p2_0_0_synth_1...
Run output will be captured here: C:/Users/atomi/GitHub/hw-viv/div_archive/div32p2check/div32p2check.runs/design_1_div32p2_0_0_synth_1/runme.log
[Wed Jun  5 19:49:46 2024] Launched synth_1...
Run output will be captured here: C:/Users/atomi/GitHub/hw-viv/div_archive/div32p2check/div32p2check.runs/synth_1/runme.log
launch_runs: Time (s): cpu = 00:00:01 ; elapsed = 00:00:07 . Memory (MB): peak = 2396.711 ; gain = 0.000
close_design
open_run synth_1 -name synth_1
Design is defaulting to impl run constrset: constrs_1
Design is defaulting to synth run part: xc7a35ticsg324-1L
INFO: [Project 1-454] Reading design checkpoint 'c:/Users/atomi/GitHub/hw-viv/div_archive/div32p2check/div32p2check.srcs/sources_1/bd/design_1/ip/design_1_c_shift_ram_0_0/design_1_c_shift_ram_0_0.dcp' for cell 'design_1_i/c_shift_ram_0'
INFO: [Project 1-454] Reading design checkpoint 'c:/Users/atomi/GitHub/hw-viv/div_archive/div32p2check/div32p2check.srcs/sources_1/bd/design_1/ip/design_1_c_shift_ram_0_1/design_1_c_shift_ram_0_1.dcp' for cell 'design_1_i/c_shift_ram_1'
INFO: [Project 1-454] Reading design checkpoint 'c:/Users/atomi/GitHub/hw-viv/div_archive/div32p2check/div32p2check.srcs/sources_1/bd/design_1/ip/design_1_c_shift_ram_0_2/design_1_c_shift_ram_0_2.dcp' for cell 'design_1_i/c_shift_ram_2'
INFO: [Project 1-454] Reading design checkpoint 'c:/Users/atomi/GitHub/hw-viv/div_archive/div32p2check/div32p2check.srcs/sources_1/bd/design_1/ip/design_1_c_shift_ram_0_3/design_1_c_shift_ram_0_3.dcp' for cell 'design_1_i/c_shift_ram_3'
INFO: [Project 1-454] Reading design checkpoint 'c:/Users/atomi/GitHub/hw-viv/div_archive/div32p2check/div32p2check.srcs/sources_1/bd/design_1/ip/design_1_clk_wiz_0_0/design_1_clk_wiz_0_0.dcp' for cell 'design_1_i/clk_wiz_0'
INFO: [Project 1-454] Reading design checkpoint 'c:/Users/atomi/GitHub/hw-viv/div_archive/div32p2check/div32p2check.srcs/sources_1/bd/design_1/ip/design_1_div32p2_0_0/design_1_div32p2_0_0.dcp' for cell 'design_1_i/div32p2_0'
INFO: [Project 1-454] Reading design checkpoint 'c:/Users/atomi/GitHub/hw-viv/div_archive/div32p2check/div32p2check.srcs/sources_1/bd/design_1/ip/design_1_util_reduced_logic_0_0/design_1_util_reduced_logic_0_0.dcp' for cell 'design_1_i/util_reduced_logic_0'
INFO: [Project 1-454] Reading design checkpoint 'c:/Users/atomi/GitHub/hw-viv/div_archive/div32p2check/div32p2check.srcs/sources_1/bd/design_1/ip/design_1_util_reduced_logic_0_1/design_1_util_reduced_logic_0_1.dcp' for cell 'design_1_i/util_reduced_logic_1'
Netlist sorting complete. Time (s): cpu = 00:00:00 ; elapsed = 00:00:00.047 . Memory (MB): peak = 2396.711 ; gain = 0.000
INFO: [Netlist 29-17] Analyzing 417 Unisim elements for replacement
INFO: [Netlist 29-28] Unisim Transformation completed in 0 CPU seconds
WARNING: [Netlist 29-43] Netlist 'design_1_wrapper' is not ideal for floorplanning, since the cellview 'design_1_div32p2_0_0_div32p2' defined in file 'design_1_div32p2_0_0.edf' contains large number of primitives.  Please consider enabling hierarchy in synthesis if you want to do floorplanning.
INFO: [Project 1-479] Netlist was created with Vivado 2020.2
INFO: [Project 1-570] Preparing netlist for logic optimization
Parsing XDC File [c:/Users/atomi/GitHub/hw-viv/div_archive/div32p2check/div32p2check.srcs/sources_1/bd/design_1/ip/design_1_clk_wiz_0_0/design_1_clk_wiz_0_0_board.xdc] for cell 'design_1_i/clk_wiz_0/inst'
Finished Parsing XDC File [c:/Users/atomi/GitHub/hw-viv/div_archive/div32p2check/div32p2check.srcs/sources_1/bd/design_1/ip/design_1_clk_wiz_0_0/design_1_clk_wiz_0_0_board.xdc] for cell 'design_1_i/clk_wiz_0/inst'
Parsing XDC File [c:/Users/atomi/GitHub/hw-viv/div_archive/div32p2check/div32p2check.srcs/sources_1/bd/design_1/ip/design_1_clk_wiz_0_0/design_1_clk_wiz_0_0.xdc] for cell 'design_1_i/clk_wiz_0/inst'
INFO: [Timing 38-35] Done setting XDC timing constraints. [c:/Users/atomi/GitHub/hw-viv/div_archive/div32p2check/div32p2check.srcs/sources_1/bd/design_1/ip/design_1_clk_wiz_0_0/design_1_clk_wiz_0_0.xdc:57]
INFO: [Timing 38-2] Deriving generated clocks [c:/Users/atomi/GitHub/hw-viv/div_archive/div32p2check/div32p2check.srcs/sources_1/bd/design_1/ip/design_1_clk_wiz_0_0/design_1_clk_wiz_0_0.xdc:57]
Finished Parsing XDC File [c:/Users/atomi/GitHub/hw-viv/div_archive/div32p2check/div32p2check.srcs/sources_1/bd/design_1/ip/design_1_clk_wiz_0_0/design_1_clk_wiz_0_0.xdc] for cell 'design_1_i/clk_wiz_0/inst'
Parsing XDC File [C:/Users/atomi/GitHub/hw-viv/div_archive/div32p2check/div32p2check.srcs/constrs_1/new/ioport.xdc]
Finished Parsing XDC File [C:/Users/atomi/GitHub/hw-viv/div_archive/div32p2check/div32p2check.srcs/constrs_1/new/ioport.xdc]
INFO: [Opt 31-138] Pushed 0 inverter(s) to 0 load pin(s).
Netlist sorting complete. Time (s): cpu = 00:00:00 ; elapsed = 00:00:00.002 . Memory (MB): peak = 2396.711 ; gain = 0.000
INFO: [Project 1-111] Unisim Transformation Summary:
No Unisim elements were transformed.

open_run: Time (s): cpu = 00:00:03 ; elapsed = 00:00:06 . Memory (MB): peak = 2396.711 ; gain = 0.000
report_timing_summary -delay_type min_max -report_unconstrained -check_timing_verbose -max_paths 10 -input_pins -routable_nets -name timing_1
INFO: [Timing 38-35] Done setting XDC timing constraints.
INFO: [Timing 38-91] UpdateTimingParams: Speed grade: -1L, Delay Type: min_max.
INFO: [Timing 38-191] Multithreading enabled for timing update using a maximum of 2 CPUs
CRITICAL WARNING: [HDL 9-806] Syntax error near "generate". [C:/Users/atomi/GitHub/hw-viv/div_archive/div32p2.v:67]
CRITICAL WARNING: [HDL 9-806] Syntax error near "endgenerate". [C:/Users/atomi/GitHub/hw-viv/div_archive/div32p2.v:80]
CRITICAL WARNING: [HDL 9-806] Syntax error near "generate". [C:/Users/atomi/GitHub/hw-viv/div_archive/div32p2.v:67]
CRITICAL WARNING: [HDL 9-806] Syntax error near "endgenerate". [C:/Users/atomi/GitHub/hw-viv/div_archive/div32p2.v:80]
CRITICAL WARNING: [HDL 9-806] Syntax error near "generate". [C:/Users/atomi/GitHub/hw-viv/div_archive/div32p2.v:67]
CRITICAL WARNING: [HDL 9-806] Syntax error near "endgenerate". [C:/Users/atomi/GitHub/hw-viv/div_archive/div32p2.v:80]
CRITICAL WARNING: [HDL 9-806] Syntax error near "generate". [C:/Users/atomi/GitHub/hw-viv/div_archive/div32p2.v:67]
CRITICAL WARNING: [HDL 9-806] Syntax error near "endgenerate". [C:/Users/atomi/GitHub/hw-viv/div_archive/div32p2.v:84]
CRITICAL WARNING: [HDL 9-806] Syntax error near "generate". [C:/Users/atomi/GitHub/hw-viv/div_archive/div32p2.v:67]
CRITICAL WARNING: [HDL 9-806] Syntax error near "endgenerate". [C:/Users/atomi/GitHub/hw-viv/div_archive/div32p2.v:84]
CRITICAL WARNING: [HDL 9-806] Syntax error near "generate". [C:/Users/atomi/GitHub/hw-viv/div_archive/div32p2.v:67]
CRITICAL WARNING: [HDL 9-806] Syntax error near "endgenerate". [C:/Users/atomi/GitHub/hw-viv/div_archive/div32p2.v:84]
CRITICAL WARNING: [HDL 9-806] Syntax error near "generate". [C:/Users/atomi/GitHub/hw-viv/div_archive/div32p2.v:67]
CRITICAL WARNING: [HDL 9-806] Syntax error near "endgenerate". [C:/Users/atomi/GitHub/hw-viv/div_archive/div32p2.v:84]
CRITICAL WARNING: [HDL 9-806] Syntax error near "generate". [C:/Users/atomi/GitHub/hw-viv/div_archive/div32p2.v:67]
CRITICAL WARNING: [HDL 9-806] Syntax error near "endgenerate". [C:/Users/atomi/GitHub/hw-viv/div_archive/div32p2.v:84]
CRITICAL WARNING: [HDL 9-806] Syntax error near "generate". [C:/Users/atomi/GitHub/hw-viv/div_archive/div32p2.v:67]
CRITICAL WARNING: [HDL 9-806] Syntax error near "endgenerate". [C:/Users/atomi/GitHub/hw-viv/div_archive/div32p2.v:84]
CRITICAL WARNING: [HDL 9-806] Syntax error near "generate". [C:/Users/atomi/GitHub/hw-viv/div_archive/div32p2.v:67]
CRITICAL WARNING: [HDL 9-806] Syntax error near "endgenerate". [C:/Users/atomi/GitHub/hw-viv/div_archive/div32p2.v:84]
CRITICAL WARNING: [HDL 9-806] Syntax error near "generate". [C:/Users/atomi/GitHub/hw-viv/div_archive/div32p2.v:67]
CRITICAL WARNING: [HDL 9-806] Syntax error near "endgenerate". [C:/Users/atomi/GitHub/hw-viv/div_archive/div32p2.v:84]
reset_run synth_1
update_module_reference design_1_div32p2_0_0
INFO: [IP_Flow 19-5107] Inferred bus interface 'rstn' of definition 'xilinx.com:signal:reset:1.0' (from Xilinx Repository).
INFO: [IP_Flow 19-5107] Inferred bus interface 'clk' of definition 'xilinx.com:signal:clock:1.0' (from Xilinx Repository).
INFO: [IP_Flow 19-4728] Bus Interface 'rstn': Added interface parameter 'POLARITY' with value 'ACTIVE_LOW'.
INFO: [IP_Flow 19-4728] Bus Interface 'clk': Added interface parameter 'ASSOCIATED_RESET' with value 'rstn'.
WARNING: [IP_Flow 19-3157] Bus Interface 'rstn': Bus parameter POLARITY is ACTIVE_LOW but port 'rstn' is not *resetn - please double check the POLARITY setting.
WARNING: [IP_Flow 19-5661] Bus Interface 'clk' does not have any bus interfaces associated with it.
INFO: [IP_Flow 19-234] Refreshing IP repositories
INFO: [IP_Flow 19-1704] No user IP repositories specified
Upgrading 'C:/Users/atomi/GitHub/hw-viv/div_archive/div32p2check/div32p2check.srcs/sources_1/bd/design_1/design_1.bd'
ERROR: [Vivado 12-106] *** Exception: ui.utils.e: ui.frmwork.cmd.CommandFailedException: boost::filesystem::status: Access is denied: "C:/Users/atomi/GitHub/hw-viv/div_archive/div32p2check/div32p2check.runs/design_1_div32p2_0_0_synth_1/design_1_div32p2_0_0_utilization_synth.pb" ui.frmwork.cmd.CommandFailedException: boost::filesystem::status: Access is denied: "C:/Users/atomi/GitHub/hw-viv/div_archive/div32p2check/div32p2check.runs/design_1_div32p2_0_0_synth_1/design_1_div32p2_0_0_utilization_synth.pb"
	at ui.project.projecti.HAPRRunMgr_updateAllRuns(Native Method)
	at ui.data.experiment.D.czB(SourceFile:208)
	at ui.data.experiment.F.aOt(SourceFile:378)
	at ui.frmwork.y.run(SourceFile:203)
	at java.base/java.lang.Thread.run(Thread.java:834)
 (See C:/Users/atomi/GitHub/hw-viv/div_archive/div32p2check/vivado_pid20496.debug)
ERROR: [Common 17-39] 'reset_runs' failed due to earlier errors.
INFO: [IP_Flow 19-1972] Upgraded design_1_div32p2_0_0 from div32p2_v1_0 1.0 to div32p2_v1_0 1.0
Wrote  : <C:\Users\atomi\GitHub\hw-viv\div_archive\div32p2check\div32p2check.srcs\sources_1\bd\design_1\design_1.bd> 
Wrote  : <C:/Users/atomi/GitHub/hw-viv/div_archive/div32p2check/div32p2check.srcs/sources_1/bd/design_1/ui/bd_1f5defd0.ui> 
launch_runs synth_1 -jobs 6
WARNING: [BD 41-1781] Updates have been made to one or more nets/interface connections marked for debug.
Debug nets, which are already connected to any ILA IP core in the block-design, will be automatically available for debug in Hardware Manager.
For unconnected Debug nets, please open synthesized design and use 'Set Up Debug' wizard to insert, modify or delete Debug Cores. 
INFO: [xilinx.com:ip:c_shift_ram:12.0-913] /c_shift_ram_3 Width has been set to manual on the GUI. It will not be updated during validation with a propagated value.
INFO: [xilinx.com:ip:clk_wiz:6.0-1] /clk_wiz_0 clk_wiz propagate
INFO: [xilinx.com:ip:c_shift_ram:12.0-913] /c_shift_ram_1 Width has been set to manual on the GUI. It will not be updated during validation with a propagated value.
INFO: [xilinx.com:ip:c_shift_ram:12.0-913] /c_shift_ram_0 Width has been set to manual on the GUI. It will not be updated during validation with a propagated value.
INFO: [xilinx.com:ip:c_shift_ram:12.0-913] /c_shift_ram_2 Width has been set to manual on the GUI. It will not be updated during validation with a propagated value.
Wrote  : <C:\Users\atomi\GitHub\hw-viv\div_archive\div32p2check\div32p2check.srcs\sources_1\bd\design_1\design_1.bd> 
VHDL Output written to : C:/Users/atomi/GitHub/hw-viv/div_archive/div32p2check/div32p2check.srcs/sources_1/bd/design_1/synth/design_1.v
VHDL Output written to : C:/Users/atomi/GitHub/hw-viv/div_archive/div32p2check/div32p2check.srcs/sources_1/bd/design_1/sim/design_1.v
VHDL Output written to : C:/Users/atomi/GitHub/hw-viv/div_archive/div32p2check/div32p2check.srcs/sources_1/bd/design_1/hdl/design_1_wrapper.v
INFO: [BD 41-1029] Generation completed for the IP Integrator block div32p2_0 .
Exporting to file C:/Users/atomi/GitHub/hw-viv/div_archive/div32p2check/div32p2check.srcs/sources_1/bd/design_1/hw_handoff/design_1.hwh
Generated Block Design Tcl file C:/Users/atomi/GitHub/hw-viv/div_archive/div32p2check/div32p2check.srcs/sources_1/bd/design_1/hw_handoff/design_1_bd.tcl
Generated Hardware Definition File C:/Users/atomi/GitHub/hw-viv/div_archive/div32p2check/div32p2check.srcs/sources_1/bd/design_1/synth/design_1.hwdef
[Wed Jun  5 20:16:48 2024] Launched design_1_div32p2_0_0_synth_1...
Run output will be captured here: C:/Users/atomi/GitHub/hw-viv/div_archive/div32p2check/div32p2check.runs/design_1_div32p2_0_0_synth_1/runme.log
[Wed Jun  5 20:16:48 2024] Launched synth_1...
Run output will be captured here: C:/Users/atomi/GitHub/hw-viv/div_archive/div32p2check/div32p2check.runs/synth_1/runme.log
launch_runs: Time (s): cpu = 00:00:00 ; elapsed = 00:00:07 . Memory (MB): peak = 2411.441 ; gain = 0.000
close_design
reset_run synth_1
launch_runs synth_1 -jobs 6
[Wed Jun  5 20:17:20 2024] Launched design_1_div32p2_0_0_synth_1...
Run output will be captured here: C:/Users/atomi/GitHub/hw-viv/div_archive/div32p2check/div32p2check.runs/design_1_div32p2_0_0_synth_1/runme.log
[Wed Jun  5 20:17:20 2024] Launched synth_1...
Run output will be captured here: C:/Users/atomi/GitHub/hw-viv/div_archive/div32p2check/div32p2check.runs/synth_1/runme.log
reset_run synth_1
launch_runs synth_1 -jobs 6
[Wed Jun  5 20:18:23 2024] Launched synth_1...
Run output will be captured here: C:/Users/atomi/GitHub/hw-viv/div_archive/div32p2check/div32p2check.runs/synth_1/runme.log
open_bd_design {C:/Users/atomi/GitHub/hw-viv/div_archive/div32p2check/div32p2check.srcs/sources_1/bd/design_1/design_1.bd}
reset_run synth_1
launch_runs synth_1 -jobs 6
[Wed Jun  5 20:19:46 2024] Launched synth_1...
Run output will be captured here: C:/Users/atomi/GitHub/hw-viv/div_archive/div32p2check/div32p2check.runs/synth_1/runme.log
exit
INFO: [Common 17-206] Exiting Vivado at Wed Jun  5 20:19:59 2024...
