INFO: [VRFC 10-2263] Analyzing Verilog file "C:/Users/atomi/GitHub/hw-viv/div_archive/div32p2check/div32p2check.sim/sim_1/impl/timing/xsim/test_divider_p2_time_impl.v" into library xil_defaultlib
INFO: [VRFC 10-311] analyzing module design_1
INFO: [VRFC 10-311] analyzing module design_1_c_shift_ram_0_0
INFO: [VRFC 10-311] analyzing module design_1_c_shift_ram_0_1
INFO: [VRFC 10-311] analyzing module design_1_c_shift_ram_0_2
INFO: [VRFC 10-311] analyzing module design_1_c_shift_ram_0_3
INFO: [VRFC 10-311] analyzing module design_1_clk_wiz_0_0
INFO: [VRFC 10-311] analyzing module design_1_clk_wiz_0_0_design_1_clk_wiz_0_0_clk_wiz
INFO: [VRFC 10-311] analyzing module design_1_div32p2_0_0
INFO: [VRFC 10-311] analyzing module design_1_div32p2_0_0_div32p2
INFO: [VRFC 10-311] analyzing module design_1_util_reduced_logic_0_0
INFO: [VRFC 10-311] analyzing module design_1_util_reduced_logic_0_0_util_reduced_logic_v2_0_4_util_reduced_logic
INFO: [VRFC 10-311] analyzing module design_1_util_reduced_logic_0_1
INFO: [VRFC 10-311] analyzing module design_1_util_reduced_logic_0_1_util_reduced_logic_v2_0_4_util_reduced_logic
INFO: [VRFC 10-311] analyzing module design_1_wrapper
INFO: [VRFC 10-311] analyzing module design_1_c_shift_ram_0_0_c_shift_ram_v12_0_14
INFO: [VRFC 10-311] analyzing module design_1_c_shift_ram_0_2_c_shift_ram_v12_0_14
INFO: [VRFC 10-311] analyzing module design_1_c_shift_ram_0_3_c_shift_ram_v12_0_14
INFO: [VRFC 10-311] analyzing module design_1_c_shift_ram_0_0_c_reg_fd_v12_0_6_viv
INFO: [VRFC 10-311] analyzing module design_1_c_shift_ram_0_0_c_shift_ram_v12_0_14_legacy
INFO: [VRFC 10-311] analyzing module design_1_c_shift_ram_0_0_c_shift_ram_v12_0_14_viv
INFO: [VRFC 10-311] analyzing module design_1_c_shift_ram_0_2_c_reg_fd_v12_0_6_viv
INFO: [VRFC 10-311] analyzing module design_1_c_shift_ram_0_2_c_shift_ram_v12_0_14_legacy
INFO: [VRFC 10-311] analyzing module design_1_c_shift_ram_0_2_c_shift_ram_v12_0_14_viv
INFO: [VRFC 10-311] analyzing module design_1_c_shift_ram_0_3_c_reg_fd_v12_0_6_viv
INFO: [VRFC 10-311] analyzing module design_1_c_shift_ram_0_3_c_shift_ram_v12_0_14_legacy
INFO: [VRFC 10-311] analyzing module design_1_c_shift_ram_0_3_c_shift_ram_v12_0_14_viv
INFO: [VRFC 10-311] analyzing module glbl
INFO: [VRFC 10-2263] Analyzing Verilog file "C:/Users/atomi/GitHub/hw-viv/div_archive/div32p2.v" into library xil_defaultlib
INFO: [VRFC 10-311] analyzing module div32p2
INFO: [VRFC 10-2263] Analyzing SystemVerilog file "C:/Users/atomi/GitHub/hw-viv/div_archive/test_divider_p2.sv" into library xil_defaultlib
INFO: [VRFC 10-311] analyzing module test_divider_p2
WARNING: [VRFC 10-543] converting concatenation to assignment pattern [C:/Users/atomi/GitHub/hw-viv/div_archive/test_divider_p2.sv:39]
