#-----------------------------------------------------------
# xsim v2020.2 (64-bit)
# SW Build 3064766 on Wed Nov 18 09:12:45 MST 2020
# IP Build 3064653 on Wed Nov 18 14:17:31 MST 2020
# Start of session at: Thu Jun  6 14:14:08 2024
# Process ID: 25416
# Current directory: C:/Users/atomi/GitHub/hw-viv/div_archive
# Command line: xsim.exe -mode tcl -source {xsim.dir/div_tb_snapshot_8191/xsim_script.tcl}
# Log file: C:/Users/atomi/GitHub/hw-viv/div_archive/xsim.log
# Journal file: C:/Users/atomi/GitHub/hw-viv/div_archive\xsim.jou
#-----------------------------------------------------------
source xsim.dir/div_tb_snapshot_8191/xsim_script.tcl
# xsim {div_tb_snapshot_8191} -autoloadwcfg -runall
Vivado Simulator 2020.2
Time resolution is 1 ps
run -all
i =           0
i =       10000
i =       20000
i =       30000
i =       40000
i =       50000
i =       60000
i =       70000
i =       80000
i =       90000
i =      100000
i =      110000
i =      120000
i =      130000
i =      140000
i =      150000
i =      160000
i =      170000
i =      180000
i =      190000
i =      200000
i =      210000
i =      220000
i =      230000
i =      240000
i =      250000
i =      260000
i =      270000
i =      280000
i =      290000
i =      300000
i =      310000
i =      320000
i =      330000
i =      340000
i =      350000
i =      360000
i =      370000
i =      380000
i =      390000
i =      400000
i =      410000
i =      420000
i =      430000
i =      440000
i =      450000
i =      460000
i =      470000
i =      480000
i =      490000
i =      500000
i =      510000
i =      520000
i =      530000
i =      540000
i =      550000
i =      560000
i =      570000
i =      580000
i =      590000
i =      600000
i =      610000
i =      620000
i =      630000
i =      640000
i =      650000
i =      660000
i =      670000
i =      680000
i =      690000
i =      700000
i =      710000
i =      720000
i =      730000
i =      740000
i =      750000
i =      760000
i =      770000
i =      780000
i =      790000
i =      800000
i =      810000
i =      820000
i =      830000
i =      840000
i =      850000
i =      860000
i =      870000
i =      880000
i =      890000
i =      900000
i =      910000
i =      920000
i =      930000
i =      940000
i =      950000
i =      960000
i =      970000
i =      980000
i =      990000
$finish called at time : 1 ms : File "C:/Users/atomi/GitHub/hw-viv/div_archive/test_div_8191.sv" Line 38
exit
INFO: [Common 17-206] Exiting xsim at Thu Jun  6 14:14:14 2024...
