#-----------------------------------------------------------
# Vivado v2020.2 (64-bit)
# SW Build 3064766 on Wed Nov 18 09:12:45 MST 2020
# IP Build 3064653 on Wed Nov 18 14:17:31 MST 2020
# Start of session at: Mon May 20 12:35:37 2024
# Process ID: 2332
# Current directory: C:/Users/atomi/GitHub/hw-viv/kadai6_1
# Command line: vivado.exe
# Log file: C:/Users/atomi/GitHub/hw-viv/kadai6_1/vivado.log
# Journal file: C:/Users/atomi/GitHub/hw-viv/kadai6_1\vivado.jou
#-----------------------------------------------------------
start_gui
create_project kadai6-1 C:/Users/atomi/GitHub/hw-viv/kadai6-1 -part xc7a35ticsg324-1L
INFO: [IP_Flow 19-234] Refreshing IP repositories
INFO: [IP_Flow 19-1704] No user IP repositories specified
INFO: [IP_Flow 19-2313] Loaded Vivado IP repository 'C:/Xilinx/Vivado/2020.2/data/ip'.
create_project: Time (s): cpu = 00:00:09 ; elapsed = 00:00:10 . Memory (MB): peak = 1005.453 ; gain = 0.000
set_property board_part digilentinc.com:arty:part0:1.1 [current_project]
exit
INFO: [Common 17-206] Exiting Vivado at Mon May 20 12:38:03 2024...
